app/build/intermediates/manifest_merge_blame_file/debug/manifest-merger-blame-debug-report.txt
1<?xml version="1.0" encoding="utf-8"?>
2<manifest xmlns:android="http://schemas.android.com/apk/res/android"
3    package="com.example.lyceumapp"
4    android:versionCode="1"
5    android:versionName="1.0" >
6
7    <uses-sdk
8        android:minSdkVersion="21"
8-->src\main\AndroidManifest.xml
9        android:targetSdkVersion="32" />
9-->src\main\AndroidManifest.xml
10
11    <uses-permission android:name="android.permission.INTERNET" />
11-->src\main\AndroidManifest.xml:6:5-67
11-->src\main\AndroidManifest.xml:6:22-64
12
13    <permission
13-->[androidx.core:core:1.9.0] AndroidManifest.xml:22:5-24:47
14        android:name="com.example.lyceumapp.DYNAMIC_RECEIVER_NOT_EXPORTED_PERMISSION"
14-->[androidx.core:core:1.9.0] AndroidManifest.xml:23:9-81
15        android:protectionLevel="signature" />
15-->[androidx.core:core:1.9.0] AndroidManifest.xml:24:9-44
16
17    <uses-permission android:name="com.example.lyceumapp.DYNAMIC_RECEIVER_NOT_EXPORTED_PERMISSION" />
17-->[androidx.core:core:1.9.0] AndroidManifest.xml:26:5-97
17-->[androidx.core:core:1.9.0] AndroidManifest.xml:26:22-94
18
19    <application
19-->src\main\AndroidManifest.xml:8:5-58:19
20        android:allowBackup="true"
20-->src\main\AndroidManifest.xml:9:9-35
21        android:appComponentFactory="androidx.core.app.CoreComponentFactory"
21-->[androidx.core:core:1.9.0] AndroidManifest.xml:28:18-86
22        android:debuggable="true"
23        android:fullBackupContent="@xml/backup_rules"
23-->src\main\AndroidManifest.xml:10:9-54
24        android:icon="@mipmap/ic_launcher"
24-->src\main\AndroidManifest.xml:11:9-43
25        android:label="@string/app_name"
25-->src\main\AndroidManifest.xml:12:9-41
26        android:roundIcon="@mipmap/ic_launcher_round"
26-->src\main\AndroidManifest.xml:13:9-54
27        android:supportsRtl="true"
27-->src\main\AndroidManifest.xml:14:9-35
28        android:theme="@style/Theme.LyceumApp" >
28-->src\main\AndroidManifest.xml:15:9-47
29        <activity
29-->src\main\AndroidManifest.xml:17:9-19:40
30            android:name="com.example.lyceumapp.activity.NoSubgroupsForGradeActivity"
30-->src\main\AndroidManifest.xml:18:13-65
31            android:exported="false" />
31-->src\main\AndroidManifest.xml:19:13-37
32        <activity
32-->src\main\AndroidManifest.xml:20:9-22:40
33            android:name="com.example.lyceumapp.activity.ChooseSubgroupActivity"
33-->src\main\AndroidManifest.xml:21:13-60
34            android:exported="false" />
34-->src\main\AndroidManifest.xml:22:13-37
35        <activity
35-->src\main\AndroidManifest.xml:23:9-29:20
36            android:name="com.example.lyceumapp.activity.NoSchoolsActivity"
36-->src\main\AndroidManifest.xml:24:13-55
37            android:exported="false" >
37-->src\main\AndroidManifest.xml:25:13-37
38            <meta-data
38-->src\main\AndroidManifest.xml:26:13-28:36
39                android:name="android.app.lib_name"
39-->src\main\AndroidManifest.xml:27:17-52
40                android:value="" />
40-->src\main\AndroidManifest.xml:28:17-33
41        </activity>
42        <activity
42-->src\main\AndroidManifest.xml:30:9-32:40
43            android:name="com.example.lyceumapp.activity.NoGradesForSchoolActivity"
43-->src\main\AndroidManifest.xml:31:13-63
44            android:exported="false" />
44-->src\main\AndroidManifest.xml:32:13-37
45        <activity
45-->src\main\AndroidManifest.xml:33:9-35:40
46            android:name="com.example.lyceumapp.activity.ChooseGradeActivity"
46-->src\main\AndroidManifest.xml:34:13-57
47            android:exported="false" />
47-->src\main\AndroidManifest.xml:35:13-37
48        <activity
48-->src\main\AndroidManifest.xml:36:9-38:40
49            android:name="com.example.lyceumapp.activity.NoResponseActivity"
49-->src\main\AndroidManifest.xml:37:13-56
50            android:exported="false" />
50-->src\main\AndroidManifest.xml:38:13-37
51        <activity
51-->src\main\AndroidManifest.xml:39:9-41:40
52            android:name="com.example.lyceumapp.activity.SettingsActivity"
52-->src\main\AndroidManifest.xml:40:13-54
53            android:exported="false" />
53-->src\main\AndroidManifest.xml:41:13-37
54        <activity
54-->src\main\AndroidManifest.xml:42:9-45:65
55            android:name="com.example.lyceumapp.activity.MainMenuActivity"
55-->src\main\AndroidManifest.xml:43:13-54
56            android:exported="false"
56-->src\main\AndroidManifest.xml:44:13-37
57            android:theme="@style/Theme.LyceumApp.NoActionBar" />
57-->src\main\AndroidManifest.xml:45:13-63
58        <activity
58-->src\main\AndroidManifest.xml:46:9-48:40
59            android:name="com.example.lyceumapp.activity.LessonsScheduleActivity"
59-->src\main\AndroidManifest.xml:47:13-61
60            android:exported="false" />
60-->src\main\AndroidManifest.xml:48:13-37
61        <activity
61-->src\main\AndroidManifest.xml:49:9-57:20
62            android:name="com.example.lyceumapp.MainActivity"
62-->src\main\AndroidManifest.xml:50:13-41
63            android:exported="true" >
63-->src\main\AndroidManifest.xml:51:13-36
64            <intent-filter>
64-->src\main\AndroidManifest.xml:52:13-56:29
65                <action android:name="android.intent.action.MAIN" />
65-->src\main\AndroidManifest.xml:53:17-69
65-->src\main\AndroidManifest.xml:53:25-66
66
67                <category android:name="android.intent.category.LAUNCHER" />
67-->src\main\AndroidManifest.xml:55:17-77
67-->src\main\AndroidManifest.xml:55:27-74
68            </intent-filter>
69        </activity>
70
71        <uses-library
71-->[androidx.window:window:1.0.0] AndroidManifest.xml:25:9-27:40
72            android:name="androidx.window.extensions"
72-->[androidx.window:window:1.0.0] AndroidManifest.xml:26:13-54
73            android:required="false" />
73-->[androidx.window:window:1.0.0] AndroidManifest.xml:27:13-37
74        <uses-library
74-->[androidx.window:window:1.0.0] AndroidManifest.xml:28:9-30:40
75            android:name="androidx.window.sidecar"
75-->[androidx.window:window:1.0.0] AndroidManifest.xml:29:13-51
76            android:required="false" />
76-->[androidx.window:window:1.0.0] AndroidManifest.xml:30:13-37
77
78        <service
78-->[androidx.room:room-runtime:2.4.3] AndroidManifest.xml:25:9-28:40
79            android:name="androidx.room.MultiInstanceInvalidationService"
79-->[androidx.room:room-runtime:2.4.3] AndroidManifest.xml:26:13-74
80            android:directBootAware="true"
80-->[androidx.room:room-runtime:2.4.3] AndroidManifest.xml:27:13-43
81            android:exported="false" />
81-->[androidx.room:room-runtime:2.4.3] AndroidManifest.xml:28:13-37
82
83        <provider
83-->[androidx.emoji2:emoji2:1.2.0] AndroidManifest.xml:24:9-32:20
84            android:name="androidx.startup.InitializationProvider"
84-->[androidx.emoji2:emoji2:1.2.0] AndroidManifest.xml:25:13-67
85            android:authorities="com.example.lyceumapp.androidx-startup"
85-->[androidx.emoji2:emoji2:1.2.0] AndroidManifest.xml:26:13-68
86            android:exported="false" >
86-->[androidx.emoji2:emoji2:1.2.0] AndroidManifest.xml:27:13-37
87            <meta-data
87-->[androidx.emoji2:emoji2:1.2.0] AndroidManifest.xml:29:13-31:52
88                android:name="androidx.emoji2.text.EmojiCompatInitializer"
88-->[androidx.emoji2:emoji2:1.2.0] AndroidManifest.xml:30:17-75
89                android:value="androidx.startup" />
89-->[androidx.emoji2:emoji2:1.2.0] AndroidManifest.xml:31:17-49
90            <meta-data
90-->[androidx.lifecycle:lifecycle-process:2.4.1] AndroidManifest.xml:31:13-33:52
91                android:name="androidx.lifecycle.ProcessLifecycleInitializer"
91-->[androidx.lifecycle:lifecycle-process:2.4.1] AndroidManifest.xml:32:17-78
92                android:value="androidx.startup" />
92-->[androidx.lifecycle:lifecycle-process:2.4.1] AndroidManifest.xml:33:17-49
93        </provider>
94    </application>
95
96</manifest>